<?xml version="1.0" encoding="UTF-8"?>
<!-- Generated by org.testng.reporters.JUnitReportReporter -->
<testsuite skipped="0" hostname="ITEM-S66926" name="imdb.ImdbTest" tests="3" failures="0" timestamp="04 okt 2019 11:39:30 GMT" time="27.151" errors="0">
  <testcase name="movieSearchTest" time="10.387" classname="imdb.ImdbTest"/>
  <testcase name="loadWebPageTest" time="4.547" classname="imdb.ImdbTest"/>
  <testcase name="signInTest" time="12.217" classname="imdb.ImdbTest"/>
</testsuite> <!-- imdb.ImdbTest -->
